############################################################-*-Makefile-*-####
# scala dtd2scala source files (paths are relative to ./sources/scala/tools/dtd2scala)
##############################################################################
# $Id$

DeclToScala.scala
DeclToSQL.scala
Main.scala
MainHandler.scala
XMLDecl.scala

regexp/Tokens.scala
regexp/Scanner.scala
regexp/Parser.scala
regexp/RegExp.scala
regexp/Node.scala
regexp/Seq.scala
regexp/Alt.scala
regexp/Star.scala
regexp/Eps.scala
regexp/PCDATA_.scala

template/ObjectTemplate.scala.xml
##############################################################################
