############################################################-*-Makefile-*-####
# scala examples (paths are relative to ./sources/examples)
##############################################################################

concurrent/ComputeServer.scala
concurrent/auction.scala
concurrent/boundedbuffer.scala
concurrent/buffer1.scala
concurrent/futures.scala

fors.scala
iterators.scala
maps.scala
parsers.scala
parsers1.scala
patterns.scala
sort.scala
sort1.scala
sort2.scala
typeinf.scala

pilib/elasticBuffer.scala
pilib/handover.scala
pilib/mobilePhoneProtocol.scala
pilib/rwlock.scala
pilib/scheduler.scala
pilib/semaphore.scala
pilib/twoPlaceBuffer.scala

##############################################################################
