############################################################-*-Makefile-*-####
# scala library files (paths are relative to ./sources/scala)
##############################################################################
# $Id$

AnyVal.java
Array.java
Attribute.scala
Boolean.java
BufferedIterator.scala
Byte.java
CaseClass.scala
Cell.scala
Char.java
../msil/scala/Console.scala
Double.java
Application.scala
../msil/scala/Enumeration.scala
Float.java
Function0.java
Function1.java
Function2.java
Function3.java
Function4.java
Function5.java
Function6.java
Function7.java
Function8.java
Function9.java
Int.java
Iterable.scala
IterableProxy.scala
Iterator.scala
List.scala
Long.java
MatchError.java
None.scala
Option.scala
Ordered.scala
PartiallyOrdered.scala
PartialFunction.scala
../msil/scala/Predef.scala
Proxy.scala
Ref.java
ScalaObject.java
Seq.scala
SeqProxy.scala
Serializable.scala
SerialVersionUID.scala
Short.java
Some.scala
Stream.scala
Symbol.scala
Tuple1.scala
Tuple2.scala
Tuple3.scala
Tuple4.scala
Tuple5.scala
Tuple6.scala
Tuple7.scala
Tuple8.scala
Tuple9.scala
Type.java
Unit.java
transient.scala
volatile.scala

collection/Map.scala
collection/MapProxy.scala
collection/Set.scala
collection/SetProxy.scala
collection/BitSet.scala

../msil/scala/collection/mutable/ArrayBuffer.scala
collection/mutable/BitSet.scala
../msil/scala/collection/mutable/Buffer.scala
../msil/scala/collection/mutable/BufferProxy.scala
collection/mutable/DefaultMapModel.scala
collection/mutable/DoubleLinkedList.scala
../msil/scala/collection/mutable/HashMap.scala
../msil/scala/collection/mutable/HashSet.scala
collection/mutable/HashTable.scala
collection/mutable/History.scala
collection/mutable/ImmutableMapAdaptor.scala
collection/mutable/ImmutableSetAdaptor.scala
../msil/scala/collection/mutable/JavaMapAdaptor.scala
../msil/scala/collection/mutable/JavaSetAdaptor.scala
collection/mutable/LinkedList.scala
../msil/scala/collection/mutable/ListBuffer.scala
collection/mutable/Location.scala
../msil/scala/collection/mutable/Map.scala
../msil/scala/collection/mutable/MapProxy.scala
collection/mutable/Message.scala
collection/mutable/MultiMap.scala
collection/mutable/MutableList.scala
collection/mutable/ObservableBuffer.scala
collection/mutable/ObservableMap.scala
collection/mutable/ObservableSet.scala
../msil/scala/collection/mutable/PriorityQueue.scala
../msil/scala/collection/mutable/PriorityQueueProxy.scala
collection/mutable/Publisher.scala
../msil/scala/collection/mutable/Queue.scala
../msil/scala/collection/mutable/QueueProxy.scala
collection/mutable/ResizableArray.scala
collection/mutable/RevertableHistory.scala
collection/mutable/Scriptable.scala
../msil/scala/collection/mutable/Set.scala
../msil/scala/collection/mutable/SetProxy.scala
collection/mutable/SingleLinkedList.scala
../msil/scala/collection/mutable/Stack.scala
../msil/scala/collection/mutable/StackProxy.scala
collection/mutable/Subscriber.scala
../msil/scala/collection/mutable/SynchronizedBuffer.scala
../msil/scala/collection/mutable/SynchronizedMap.scala
collection/mutable/SynchronizedPriorityQueue.scala
collection/mutable/SynchronizedQueue.scala
../msil/scala/collection/mutable/SynchronizedSet.scala
collection/mutable/SynchronizedStack.scala
collection/mutable/Undoable.scala

collection/immutable/ListMap.scala
collection/immutable/ListSet.scala
collection/immutable/Map.scala
collection/immutable/Tree.scala
collection/immutable/TreeMap.scala
collection/immutable/TreeSet.scala
collection/immutable/Queue.scala
collection/immutable/Set.scala
collection/immutable/Stack.scala

concurrent/Actor.scala
concurrent/MailBox.scala
concurrent/Channel.scala
concurrent/Lock.scala
concurrent/SyncChannel.scala
concurrent/SyncVar.scala
concurrent/TIMEOUT.scala
# concurrent/jolib.scala
concurrent/ops.scala
concurrent/pilib.scala
concurrent/Process.scala
concurrent/NameServer.scala

#io/Source.scala
io/Position.scala

#mobile/Location.scala
#mobile/Code.scala

runtime/InterpreterSupport.java
runtime/NativeLoop.java
#runtime/NativeMonitor.java
runtime/ResultOrException.java
runtime/RunTime.java
../msil/scala/runtime/ScalaRunTime.scala

runtime/matching/Address.scala
runtime/matching/TestAlphabet.scala
#runtime/matching/Context.scala
#runtime/matching/Grammar.scala
#runtime/matching/Match.scala
runtime/matching/Matcher.scala
runtime/matching/NonTerm.scala
../msil/scala/runtime/matching/PatternGrammar.scala
runtime/matching/PatternTests.scala
#runtime/matching/Pebble.scala
runtime/matching/Rule.scala

testing/UnitTest.scala

util/alphabet/Alphabet.scala
util/alphabet/AlphabetPlusWildcard.scala
util/alphabet/WildcardLabel.scala
#util/automata/NondetTreeHedgeAutom.scala
util/automata/NondetWordAutom.scala
../msil/scala/util/automata/BaseBerrySethi.scala
util/automata/WordBerrySethi.scala
util/grammar/TreeRHS.scala
util/grammar/HedgeRHS.scala
util/grammar/TreeHedgeGrammar.scala
util/grammar/ImmutableTreeHedgeGrammar.scala
util/grammar/MutableTreeHedgeGrammar.scala
util/regexp/Base.scala
util/regexp/WildcardBase.scala
util/regexp/WordExp.scala
util/regexp/PointedHedgeExp.scala
util/regexp/SyntaxError.scala

# xml/Attribute.scala
# xml/AttributeSeq.scala
# xml/BindingFactoryAdapter.scala
# xml/CharData.scala
# xml/Comment.scala
# xml/DocType.scala
# xml/Elem.scala
# xml/ExternalID.scala
# xml/EntityRef.scala
# xml/FactoryAdapter.scala
# xml/Node.scala
# xml/NodeBuffer.scala
# xml/NodeSeq.scala
# xml/NodeTraverser.scala
# xml/Parsing.scala
# xml/PrettyPrinter.scala
# xml/ProcInstr.scala
# xml/SpecialNode.scala
# xml/Text.scala
# xml/TextBuffer.scala
# xml/Utility.scala

# xml/dtd/ContentModel.scala
# xml/dtd/Decl.scala
# xml/dtd/Parser.scala
# xml/dtd/Scanner.scala
# xml/dtd/Tokens.scala
# xml/dtd/Validation.scala
# xml/dtd/ValidationException.scala

# xml/nobinding/NoBindingFactoryAdapter.scala
# xml/nobinding/XML.scala

# xml/parsing/AttribValue.scala
# xml/parsing/ConstructingHandler.scala
# xml/parsing/ConstructingParser.scala
# xml/parsing/FatalError.scala
# xml/parsing/MarkupParser.scala
# xml/parsing/MarkupHandler.scala
# xml/parsing/XSDHandler.scala
# xml/path/Expression.scala
#xml/path/Tokens.scala
#xml/path/Scanner.scala
#xml/path/Parser.scala

##############################################################################
