################################################################-*-text-*-####
# meta programming source files (paths are relative to ./sources/meta)
##############################################################################
# $Id$

GenerateAll.java

util/AbstractFileExpander.java
util/AbstractMain.java
util/TextExpander.java
util/TextWriter.java

java/AbstractJavaExpander.java
java/JavaWriter.java
java/Type.java

scalac/Phase.java

scalac/ast/AbstractTreeCaseExpander.java
scalac/ast/AbstractTreeExpander.java
scalac/ast/AbstractTreeMethodExpander.java

scalac/ast/MetaDefaultTreeFactory.java
scalac/ast/MetaLazyTreeCopier.java
scalac/ast/MetaStrictTreeCopier.java
scalac/ast/MetaTransformer.java
scalac/ast/MetaTraverser.java
scalac/ast/MetaTree.java
scalac/ast/MetaTreeCopier.java
scalac/ast/MetaTreeFactory.java

scalac/ast/Tree.java
scalac/ast/TreeField.java
scalac/ast/TreeKind.java
scalac/ast/TreeNode.java
scalac/ast/TreeSymbol.java
scalac/ast/TreeType.java

##############################################################################
