################################################################-*-text-*-####
# scala runtime source files (paths are relative to ./sources/scala)
##############################################################################
# $Id$

AnyVal.java
Array.java
Boolean.java
Byte.java
Char.java
Double.java
Float.java
Function0.java
Function1.java
Function2.java
Function3.java
Function4.java
Function5.java
Function6.java
Function7.java
Function8.java
Function9.java
Int.java
Long.java
MatchError.java
Object.java
Ref.java
Short.java
Unit.java

runtime/InterpreterSupport.java
runtime/NativeLoop.java
runtime/NativeMonitor.java
runtime/ResultOrException.java
runtime/RunTime.java

##############################################################################
