############################################################-*-Makefile-*-####
# scaladoc source files (paths are relative to ./sources/scala/tools/scaladoc)
##############################################################################
# $Id$

TypeIsomorphism.java
MLType.scala
Comment.java
HTMLGenerator.java
HTMLGeneratorCommand.java
HTMLGeneratorPhase.scala
HTMLGeneratorPhases.scala
Main.scala
ScalaSearch.java
#DocModule.java
#StandardDocModule.java
Tag.java
Location.java
Page.java
SymbolTablePrinter.java
SymbolTablePrinterFactory.java
HTTPServer.java

##############################################################################
