############################################################-*-Makefile-*-####
# servlet source files (paths are relative to ./sources/scala/tools/servlet)
##############################################################################
# $Id$

ScalaCookiee.scala
ScalaServlet.scala
ServletException.scala
Status.scala

engine/Connector.scala
engine/Main.scala
engine/Mapping.scala

http/HTTP.scala
http/HttpConnector.scala
http/HttpException.scala
http/HttpFile.scala
http/HttpHandler.scala
http/HttpInputStream.scala
http/HttpOutputStream.scala
http/HttpProcessor.scala
http/HttpServletPro.scala

##############################################################################
