############################################################-*-Makefile-*-####
# tools util source files (paths are relative to ./sources/scala/tools/util)
##############################################################################
# $Id$

AbstractFile.java
AbstractFileReader.java
ByteArrayFile.java
CharArrayFile.java
ClassPath.java
DirectoryPath.java
EmptyIterator.java
PlainFile.java
Position.java
SourceFile.java
SourceReader.java
StringBufferWriter.java
VirtualDirectory.java
VirtualFile.java
ZipArchive.java
Reporter.java

debug/AbortError.java
debug/ArrayDebugger.java
debug/Debug.java
debug/Debugger.java
debug/ObjectDebugger.java
debug/ThrowableDebugger.java
debug/ToStringDebugger.java

##############################################################################
